2026-03-20 22:57  Renault | symbioz | SYMBIOZ
2026-03-20 22:57  BYD | atto 3 | ATTO-3
2026-03-20 22:57  Renault | symbioz | SYMBIOZ
2026-03-20 22:57  Renault | symbioz | SYMBIOZ
2026-03-20 22:57  BYD | atto 3 | ATTO-3
2026-03-20 22:58  Renault | symbioz | SYMBIOZ
2026-03-20 22:58  Renault | symbioz | SYMBIOZ
2026-03-20 22:58  Cupra | terramar | TERRAMAR
2026-03-20 22:58  Renault | symbioz | SYMBIOZ
2026-03-20 22:58  Renault | symbioz | SYMBIOZ
2026-03-20 22:58  Renault | symbioz | SYMBIOZ
2026-03-20 22:58  Renault | symbioz | SYMBIOZ
2026-03-20 22:59  Renault | symbioz | SYMBIOZ
2026-03-20 22:59  Renault | symbioz | SYMBIOZ
2026-03-20 22:59  Renault | symbioz | SYMBIOZ
2026-03-20 23:00  BMW | 318 | 318
2026-03-20 23:00  Renault | unknown | UNKNOWN
2026-03-20 23:00  Citroën | unknown | UNKNOWN
2026-03-20 23:00  Mercedes-Benz | 280 | 280
2026-03-20 23:00  UNKNOWN_MAKE | Fisker | OCEAN
2026-03-20 23:00  BMW | 840 | 840
2026-03-20 23:00  Mercedes-Benz | glc 220 | GLC 220
2026-03-20 23:00  BMW | 118 | 118
2026-03-20 23:00  BMW | 118 | 118
2026-03-20 23:00  Mercedes-Benz | c 200 | C 200
2026-03-20 23:00  Lotus | eletre | ELETRE
2026-03-20 23:00  Mercedes-Benz | unknown | UNKNOWN
2026-03-20 23:00  Mini | unknown | UNKNOWN
2026-03-20 23:00  Mercedes-Benz | unknown | UNKNOWN
2026-03-20 23:00  Mercedes-Benz | gle 300 | GLE 300
2026-03-20 23:00  BMW | 118 | 118
2026-03-20 23:00  BMW | 116 | 116
2026-03-20 23:00  Mercedes-Benz | v 250 | V 250
2026-03-20 23:00  BMW | 525 | 525
2026-03-20 23:00  Toyota | unknown | UNKNOWN
2026-03-20 23:00  BMW | 320 | 320
2026-03-20 23:01  Mercedes-Benz | c 180 | C 180
2026-03-20 23:01  BMW | 118 | 118
2026-03-20 23:01  Mini | cooper s | COOPER S
2026-03-20 23:01  Mercedes-Benz | c 200 | C 200
2026-03-20 23:01  BMW | 218 | 218
2026-03-20 23:01  Mercedes-Benz | e 50 amg | E 50 AMG
2026-03-20 23:01  Mercedes-Benz | g 63 amg | G 63 AMG
2026-03-20 23:01  Mercedes-Benz | a 160 | A 160
2026-03-20 23:01  Mini | unknown | UNKNOWN
2026-03-20 23:01  Mini | unknown | UNKNOWN
2026-03-20 23:01  Matra | 530 | 530
2026-03-20 23:01  BMW | 418 | 418
2026-03-20 23:01  Porsche | 993 | 993
2026-03-20 23:01  Mini | cooper | COOPER
2026-03-20 23:01  Mini | one | ONE
2026-03-20 23:01  BMW | m4 | M4
2026-03-20 23:01  Ferrari | ff | FF
2026-03-20 23:01  BMW | m4 | M4
2026-03-20 23:01  Porsche | 997 | 997
2026-03-20 23:01  BMW | 120 | 120
2026-03-20 23:01  BMW | 118 | 118
2026-03-20 23:01  BMW | 118 | 118
2026-03-20 23:01  Mercedes-Benz | 500 | 500
2026-03-20 23:01  BMW | 218 | 218
2026-03-20 23:01  UNKNOWN_MAKE | Aixam | CITY
2026-03-20 23:01  Mini | one d | ONE D
2026-03-20 23:01  BMW | m2 | M2
2026-03-20 23:01  BMW | 116 | 116
2026-03-20 23:01  BMW | m3 | M3
2026-03-20 23:01  Mini | unknown | UNKNOWN
2026-03-20 23:01  Mini | one | ONE
2026-03-20 23:01  BMW | 118 | 118
2026-03-20 23:01  Mercedes-Benz | a 180 | A 180
2026-03-20 23:01  Mercedes-Benz | glc 350 | GLC 350
2026-03-20 23:01  Mini | unknown | UNKNOWN
2026-03-20 23:01  Mercedes-Benz | gla 200 | GLA 200
2026-03-20 23:01  BMW | 520 | 520
2026-03-20 23:01  Mercedes-Benz | e 220 | E 220
2026-03-20 23:01  BMW | 420 | 420
2026-03-20 23:01  Maserati | 3200 | 3200
2026-03-20 23:01  Mercedes-Benz | a 180 | A 180
2026-03-20 23:01  Ford | f 150 | F 150
2026-03-20 23:01  Mercedes-Benz | unknown | UNKNOWN
2026-03-20 23:02  Mini | cooper d | COOPER D
2026-03-20 23:02  BMW | m4 | M4
2026-03-20 23:02  BMW | 128 | 128
2026-03-20 23:02  Mercedes-Benz | a 45 amg | A 45 AMG
2026-03-20 23:02  Porsche | 356 | 356
2026-03-20 23:02  Mercedes-Benz | e 300 | E 300
2026-03-20 23:02  Mini | one | ONE
2026-03-20 23:02  Lamborghini | murciélago | MURCIÉLAGO
2026-03-20 23:02  Mercedes-Benz | a 180 | A 180
2026-03-20 23:02  Mini | one | ONE
2026-03-20 23:02  Mercedes-Benz | c 180 | C 180
2026-03-20 23:02  Mercedes-Benz | 450 | 450
2026-03-20 23:02  BMW | 325 | 325
2026-03-20 23:02  Mercedes-Benz | a 160 | A 160
2026-03-20 23:02  Mercedes-Benz | unknown | UNKNOWN
2026-03-20 23:02  Mini | cooper | COOPER
2026-03-20 23:02  Mini | one | ONE
2026-03-20 23:02  BMW | 118 | 118
2026-03-20 23:02  BMW | 430 | 430
2026-03-20 23:02  BMW | 418 | 418
2026-03-20 23:02  Mercedes-Benz | unknown | UNKNOWN
2026-03-20 23:02  BMW | 330 | 330
2026-03-20 23:02  BMW | 116 | 116
2026-03-20 23:02  BMW | 318 | 318
2026-03-20 23:02  Mercedes-Benz | a 45 amg | A 45 AMG
2026-03-20 23:02  Abarth | 595 | 595
2026-03-20 23:02  Volkswagen | karmann ghia | KARMANN GHIA
2026-03-20 23:02  Mercedes-Benz | glc 300 | GLC 300
2026-03-20 23:02  Alfa Romeo | junior | JUNIOR
2026-03-20 23:02  UNKNOWN_MAKE | Jensen | INTERCEPTOR
2026-03-20 23:02  BMW | 330 | 330
2026-03-20 23:02  Mini | one | ONE
2026-03-20 23:02  BMW | 320 | 320
2026-03-20 23:02  Mercedes-Benz | e 220 | E 220
2026-03-20 23:02  Mercedes-Benz | unknown | UNKNOWN
2026-03-20 23:02  Mini | cooper s | COOPER S
2026-03-20 23:02  BMW | 318 | 318
2026-03-20 23:02  Mini | cooper | COOPER
2026-03-20 23:02  BMW | 320 | 320
2026-03-20 23:02  Mercedes-Benz | gla 250 | GLA 250
2026-03-20 23:02  BMW | 118 | 118
2026-03-20 23:02  Mercedes-Benz | c 220 | C 220
2026-03-20 23:02  Porsche | 993 | 993
2026-03-20 23:02  Porsche | 997 | 997
2026-03-20 23:02  Mercedes-Benz | a 200 | A 200
2026-03-20 23:02  Mercedes-Benz | glc 220 | GLC 220
2026-03-20 23:02  Mini | one | ONE
2026-03-20 23:03  Fiat | x 1 9 | X 1/9
2026-03-20 23:03  Mercedes-Benz | 250 | 250
2026-03-20 23:03  Ford | capri | CAPRI
2026-03-20 23:03  Mercedes-Benz | unknown | UNKNOWN
2026-03-20 23:03  Mercedes-Benz | unknown | UNKNOWN
2026-03-20 23:03  UNKNOWN_MAKE | Austin-Healey | SPRITE
2026-03-20 23:03  UNKNOWN_MAKE | Gmc | SIERRA
2026-03-20 23:03  Mercedes-Benz | glc 300 | GLC 300
2026-03-20 23:03  BMW | 325 | 325
2026-03-20 23:03  UNKNOWN_MAKE | Gmc | SIERRA
2026-03-20 23:03  Chevrolet | silverado | SILVERADO
2026-03-20 23:03  UNKNOWN_MAKE | Gmc | SIERRA
2026-03-20 23:03  Dodge | ram | RAM
2026-03-20 23:03  UNKNOWN_MAKE | Gmc | SIERRA
2026-03-20 23:03  Ford | bronco | BRONCO
2026-03-20 23:03  Ford | bronco | BRONCO
2026-03-20 23:03  BMW | m8 | M8
2026-03-20 23:03  BMW | m8 | M8
2026-03-20 23:03  Mercedes-Benz | a 200 | A 200
2026-03-20 23:03  Mercedes-Benz | unknown | UNKNOWN
2026-03-20 23:03  Mercedes-Benz | a 250 | A 250
2026-03-20 23:03  Porsche | 996 | 996
2026-03-20 23:03  Mercedes-Benz | e 220 | E 220
2026-03-20 23:49  Mercedes-Benz | unknown | UNKNOWN
2026-03-20 23:49  Peugeot | unknown | UNKNOWN
2026-03-20 23:49  Peugeot | unknown | UNKNOWN
2026-03-20 23:49  Peugeot | unknown | UNKNOWN
2026-03-20 23:49  Renault | unknown | UNKNOWN
2026-03-20 23:49  Volkswagen | unknown | UNKNOWN
2026-03-20 23:49  Mercedes-Benz | unknown | UNKNOWN
2026-03-20 23:49  BMW | 318 | 318
2026-03-20 23:49  Renault | unknown | UNKNOWN
2026-03-20 23:49  Citroën | unknown | UNKNOWN
2026-03-20 23:49  Mercedes-Benz | 280 | 280
2026-03-20 23:49  UNKNOWN_MAKE | Fisker | OCEAN
2026-03-20 23:49  BMW | 840 | 840
2026-03-20 23:49  Mercedes-Benz | glc 220 | GLC 220
2026-03-20 23:49  BMW | 118 | 118
2026-03-20 23:49  BMW | 118 | 118
2026-03-20 23:49  Mercedes-Benz | c 200 | C 200
2026-03-20 23:49  Lotus | eletre | ELETRE
2026-03-20 23:49  Mercedes-Benz | unknown | UNKNOWN
2026-03-20 23:49  Mini | unknown | UNKNOWN
2026-03-20 23:49  Mercedes-Benz | unknown | UNKNOWN
2026-03-20 23:49  Mercedes-Benz | gle 300 | GLE 300
2026-03-20 23:49  BMW | 118 | 118
2026-03-20 23:49  BMW | 116 | 116
2026-03-20 23:49  Mercedes-Benz | v 250 | V 250
2026-03-20 23:49  BMW | 525 | 525
2026-03-20 23:49  Toyota | unknown | UNKNOWN
2026-03-20 23:49  BMW | 320 | 320
2026-03-20 23:49  Mercedes-Benz | c 180 | C 180
2026-03-20 23:50  BMW | 118 | 118
2026-03-20 23:50  Mini | cooper s | COOPER S
2026-03-20 23:50  Mercedes-Benz | c 200 | C 200
2026-03-20 23:50  BMW | 218 | 218
2026-03-20 23:50  Mercedes-Benz | e 50 amg | E 50 AMG
2026-03-20 23:50  Mercedes-Benz | g 63 amg | G 63 AMG
2026-03-20 23:50  Mercedes-Benz | a 160 | A 160
2026-03-20 23:50  Mini | unknown | UNKNOWN
2026-03-20 23:50  Mini | unknown | UNKNOWN
2026-03-20 23:50  Matra | 530 | 530
2026-03-20 23:50  BMW | 418 | 418
2026-03-20 23:50  Porsche | 993 | 993
2026-03-20 23:50  Mini | cooper | COOPER
2026-03-20 23:50  Mini | one | ONE
2026-03-20 23:50  BMW | m4 | M4
2026-03-20 23:50  Ferrari | ff | FF
2026-03-20 23:50  BMW | m4 | M4
2026-03-20 23:50  Porsche | 997 | 997
2026-03-20 23:50  BMW | 120 | 120
2026-03-20 23:50  BMW | 118 | 118
2026-03-20 23:50  BMW | 118 | 118
2026-03-20 23:50  Mercedes-Benz | 500 | 500
2026-03-20 23:50  BMW | 218 | 218
2026-03-20 23:50  UNKNOWN_MAKE | Aixam | CITY
2026-03-20 23:50  Mini | one d | ONE D
2026-03-20 23:50  BMW | m2 | M2
2026-03-20 23:50  BMW | 116 | 116
2026-03-20 23:50  BMW | m3 | M3
2026-03-20 23:50  Mini | unknown | UNKNOWN
2026-03-20 23:50  Mini | one | ONE
2026-03-20 23:50  BMW | 118 | 118
2026-03-20 23:50  Mercedes-Benz | a 180 | A 180
2026-03-20 23:50  Mercedes-Benz | glc 350 | GLC 350
2026-03-20 23:50  Mini | unknown | UNKNOWN
2026-03-20 23:50  Mercedes-Benz | gla 200 | GLA 200
2026-03-20 23:50  BMW | 520 | 520
2026-03-20 23:50  Mercedes-Benz | e 220 | E 220
2026-03-20 23:50  BMW | 420 | 420
2026-03-20 23:50  Maserati | 3200 | 3200
2026-03-20 23:50  Mercedes-Benz | a 180 | A 180
2026-03-20 23:50  Ford | f 150 | F 150
2026-03-20 23:50  Mercedes-Benz | unknown | UNKNOWN
2026-03-20 23:50  Mini | cooper d | COOPER D
2026-03-20 23:50  BMW | m4 | M4
2026-03-20 23:50  BMW | 128 | 128
2026-03-20 23:51  Mercedes-Benz | a 45 amg | A 45 AMG
2026-03-20 23:51  Porsche | 356 | 356
2026-03-20 23:51  Mercedes-Benz | e 300 | E 300
2026-03-20 23:51  Mini | one | ONE
2026-03-20 23:51  Lamborghini | murciélago | MURCIÉLAGO
2026-03-20 23:51  Mercedes-Benz | a 180 | A 180
2026-03-20 23:51  Mini | one | ONE
2026-03-20 23:51  Mercedes-Benz | c 180 | C 180
2026-03-20 23:51  Mercedes-Benz | 450 | 450
2026-03-20 23:51  BMW | 325 | 325
2026-03-20 23:51  Mercedes-Benz | a 160 | A 160
2026-03-20 23:51  Mercedes-Benz | unknown | UNKNOWN
2026-03-20 23:51  Mini | cooper | COOPER
2026-03-20 23:51  Mini | one | ONE
2026-03-20 23:51  BMW | 118 | 118
2026-03-20 23:51  BMW | 430 | 430
2026-03-20 23:51  BMW | 418 | 418
2026-03-20 23:51  Mercedes-Benz | unknown | UNKNOWN
2026-03-20 23:51  BMW | 330 | 330
2026-03-20 23:51  BMW | 116 | 116
2026-03-20 23:51  BMW | 318 | 318
2026-03-20 23:51  Mercedes-Benz | a 45 amg | A 45 AMG
2026-03-20 23:51  Abarth | 595 | 595
2026-03-20 23:51  Volkswagen | karmann ghia | KARMANN GHIA
2026-03-20 23:51  Mercedes-Benz | glc 300 | GLC 300
2026-03-20 23:51  Alfa Romeo | junior | JUNIOR
2026-03-20 23:51  UNKNOWN_MAKE | Jensen | INTERCEPTOR
2026-03-20 23:51  BMW | 330 | 330
2026-03-20 23:51  Mini | one | ONE
2026-03-20 23:51  BMW | 320 | 320
2026-03-20 23:51  Mercedes-Benz | e 220 | E 220
2026-03-20 23:51  Mercedes-Benz | unknown | UNKNOWN
2026-03-20 23:51  Mini | cooper s | COOPER S
2026-03-20 23:51  BMW | 318 | 318
2026-03-20 23:51  Mini | cooper | COOPER
2026-03-20 23:51  BMW | 320 | 320
2026-03-20 23:51  Mercedes-Benz | gla 250 | GLA 250
2026-03-20 23:51  BMW | 118 | 118
2026-03-20 23:51  Mercedes-Benz | c 220 | C 220
2026-03-20 23:51  Porsche | 993 | 993
2026-03-20 23:51  Porsche | 997 | 997
2026-03-20 23:51  Mercedes-Benz | a 200 | A 200
2026-03-20 23:51  Mercedes-Benz | glc 220 | GLC 220
2026-03-20 23:51  Mini | one | ONE
2026-03-20 23:51  Fiat | x 1 9 | X 1/9
2026-03-20 23:51  Mercedes-Benz | 250 | 250
2026-03-20 23:51  Ford | capri | CAPRI
2026-03-20 23:51  Mercedes-Benz | unknown | UNKNOWN
2026-03-20 23:51  Mercedes-Benz | unknown | UNKNOWN
2026-03-20 23:52  UNKNOWN_MAKE | Austin-Healey | SPRITE
2026-03-20 23:52  UNKNOWN_MAKE | Gmc | SIERRA
2026-03-20 23:52  Mercedes-Benz | glc 300 | GLC 300
2026-03-20 23:52  BMW | 325 | 325
2026-03-20 23:52  UNKNOWN_MAKE | Gmc | SIERRA
2026-03-20 23:52  Chevrolet | silverado | SILVERADO
2026-03-20 23:52  UNKNOWN_MAKE | Gmc | SIERRA
2026-03-20 23:52  Dodge | ram | RAM
2026-03-20 23:52  UNKNOWN_MAKE | Gmc | SIERRA
2026-03-20 23:52  Ford | bronco | BRONCO
2026-03-20 23:52  Ford | bronco | BRONCO
2026-03-20 23:52  BMW | m8 | M8
2026-03-20 23:52  BMW | m8 | M8
2026-03-20 23:52  Mercedes-Benz | a 200 | A 200
2026-03-20 23:52  Mercedes-Benz | unknown | UNKNOWN
2026-03-20 23:52  Mercedes-Benz | a 250 | A 250
2026-03-20 23:52  Porsche | 996 | 996
2026-03-20 23:52  Mercedes-Benz | e 220 | E 220
2026-03-20 23:52  BMW | 220 | 220
2026-03-20 23:52  Mercedes-Benz | c 300 | C 300
2026-03-20 23:52  Mercedes-Benz | a 45 amg | A 45 AMG
2026-03-20 23:52  BMW | 118 | 118
2026-03-20 23:52  BMW | m4 | M4
2026-03-20 23:52  Citroën | bx | BX
2026-03-20 23:52  BMW | m3 | M3
2026-03-20 23:52  Mini | one | ONE
2026-03-20 23:52  BMW | 318 | 318
2026-03-20 23:52  BMW | 318 | 318
2026-03-20 23:52  BMW | 530 | 530
2026-03-20 23:52  BMW | 116 | 116
2026-03-20 23:52  UNKNOWN_MAKE | Austin-Healey | 3000
2026-03-20 23:52  UNKNOWN_MAKE | Iveco | DAILY
2026-03-20 23:52  Mini | cooper cabrio | COOPER CABRIO
2026-03-20 23:52  UNKNOWN_MAKE | Iveco | DAILY
2026-03-20 23:52  Mercedes-Benz | gl 350 | GL 350
2026-03-20 23:52  BMW | m4 | M4
2026-03-20 23:52  UNKNOWN_MAKE | Rolls-Royce | GHOST
2026-03-20 23:52  Mercedes-Benz | e 63 amg | E 63 AMG
2026-03-20 23:52  BMW | 430 | 430
2026-03-20 23:52  Mercedes-Benz | c 180 | C 180
2026-03-20 23:52  Mini | unknown | UNKNOWN
2026-03-20 23:52  Mercedes-Benz | s 500 | S 500
2026-03-20 23:52  Mercedes-Benz | b 160 | B 160
2026-03-20 23:52  BMW | unknown | UNKNOWN
2026-03-20 23:52  Renault | unknown | UNKNOWN
2026-03-20 23:52  Mercedes-Benz | glc 43 amg | GLC 43 AMG
2026-03-20 23:52  Porsche | 996 | 996
2026-03-20 23:52  Mercedes-Benz | ml 280 | ML 280
2026-03-20 23:52  BMW | 120 | 120
2026-03-20 23:52  Mercedes-Benz | b 200 | B 200
2026-03-20 23:52  Mercedes-Benz | e 350 | E 350
2026-03-20 23:52  BMW | 330 | 330
2026-03-20 23:53  Mini | cooper c | COOPER C
2026-03-20 23:53  Mercedes-Benz | unknown | UNKNOWN
2026-03-20 23:53  Peugeot | unknown | UNKNOWN
2026-03-20 23:53  Kia | unknown | UNKNOWN
2026-03-20 23:53  UNKNOWN_MAKE | Aixam | CITY
2026-03-20 23:53  Mercedes-Benz | unknown | UNKNOWN
2026-03-20 23:53  UNKNOWN_MAKE | Rolls-Royce | WRAITH
2026-03-20 23:53  Mercedes-Benz | a 200 | A 200
2026-03-20 23:53  Mercedes-Benz | a 200 | A 200
2026-03-20 23:53  Mercedes-Benz | c 200 | C 200
2026-03-20 23:53  BMW | 318 | 318
2026-03-20 23:53  UNKNOWN_MAKE | Aixam | CITY
2026-03-20 23:53  Ford | unknown | UNKNOWN
2026-03-20 23:53  Ford | unknown | UNKNOWN
2026-03-20 23:53  Ford | unknown | UNKNOWN
2026-03-20 23:53  Ford | unknown | UNKNOWN
2026-03-20 23:53  Alpine | xd3 | XD3
2026-03-20 23:53  UNKNOWN_MAKE | Autres | UNKNOWN
2026-03-20 23:53  Mercedes-Benz | g 500 | G 500
2026-03-20 23:53  Mercedes-Benz | g 280 | G 280
2026-03-20 23:53  Ferrari | 575 | 575
2026-03-20 23:53  Mini | unknown | UNKNOWN
2026-03-20 23:53  Mini | unknown | UNKNOWN
2026-03-20 23:53  Mercedes-Benz | c 220 | C 220
2026-03-20 23:53  Mercedes-Benz | g 63 amg | G 63 AMG
2026-03-20 23:53  Mercedes-Benz | unknown | UNKNOWN
2026-03-20 23:53  Toyota | unknown | UNKNOWN
2026-03-20 23:53  Mercedes-Benz | a 180 | A 180
2026-03-20 23:53  Mercedes-Benz | gla 200 | GLA 200
2026-03-20 23:53  Mercedes-Benz | gla 200 | GLA 200
2026-03-20 23:53  Mercedes-Benz | a 180 | A 180
2026-03-20 23:53  Renault | unknown | UNKNOWN
2026-03-20 23:54  Renault | symbioz | SYMBIOZ
2026-03-20 23:54  Mercedes-Benz | a 200 | A 200
2026-03-20 23:54  Mercedes-Benz | c 220 | C 220
2026-03-20 23:54  BMW | 118 | 118
2026-03-20 23:54  BMW | 220 | 220
2026-03-20 23:54  Mini | cooper e | COOPER E
2026-03-20 23:54  BMW | 530 | 530
2026-03-20 23:54  BMW | 120 | 120
2026-03-20 23:54  Mini | cooper | COOPER
2026-03-20 23:54  Mini | cooper e | COOPER E
2026-03-20 23:54  BMW | 118 | 118
2026-03-20 23:54  BMW | 225 | 225
2026-03-20 23:54  Volkswagen | unknown | UNKNOWN
2026-03-20 23:54  Ford | bronco | BRONCO
2026-03-20 23:54  Ford | bronco | BRONCO
2026-03-20 23:54  UNKNOWN_MAKE | Gmc | SIERRA
2026-03-20 23:54  Dodge | durango | DURANGO
2026-03-20 23:54  Dodge | ram | RAM
2026-03-20 23:54  Dodge | ram | RAM
2026-03-20 23:54  Dodge | ram | RAM
2026-03-20 23:54  Dodge | ram | RAM
2026-03-20 23:54  Dodge | ram | RAM
2026-03-20 23:54  Dodge | ram | RAM
2026-03-20 23:54  Dodge | ram | RAM
2026-03-20 23:54  Ford | bronco | BRONCO
2026-03-20 23:54  Dodge | ram | RAM
2026-03-20 23:54  Dodge | ram | RAM
2026-03-20 23:54  Ford | bronco | BRONCO
2026-03-20 23:54  Dodge | ram | RAM
2026-03-20 23:54  Chevrolet | silverado | SILVERADO
2026-03-20 23:54  Toyota | tacoma | TACOMA
2026-03-20 23:54  Ford | bronco | BRONCO
2026-03-20 23:54  Ford | bronco | BRONCO
2026-03-20 23:54  Dodge | ram | RAM
2026-03-20 23:54  Dodge | ram | RAM
2026-03-20 23:54  Dodge | ram | RAM
2026-03-20 23:54  Dodge | ram | RAM
2026-03-20 23:54  Toyota | tacoma | TACOMA
2026-03-20 23:54  Toyota | tacoma | TACOMA
2026-03-20 23:54  Dodge | ram | RAM
2026-03-20 23:54  Dodge | ram | RAM
2026-03-20 23:54  UNKNOWN_MAKE | Gmc | CANYON
2026-03-20 23:54  Ford | bronco | BRONCO
2026-03-20 23:54  Ford | unknown | UNKNOWN
2026-03-20 23:54  Dodge | ram | RAM
2026-03-20 23:54  Chevrolet | unknown | UNKNOWN
2026-03-20 23:54  Toyota | tacoma | TACOMA
2026-03-20 23:54  Toyota | tacoma | TACOMA
2026-03-20 23:54  Ford | bronco | BRONCO
2026-03-20 23:54  Dodge | ram | RAM
2026-03-20 23:54  Dodge | durango | DURANGO
2026-03-20 23:54  Dodge | ram | RAM
2026-03-20 23:54  UNKNOWN_MAKE | Gmc | CANYON
2026-03-20 23:54  UNKNOWN_MAKE | Gmc | CANYON
2026-03-20 23:54  Toyota | tacoma | TACOMA
2026-03-20 23:54  Toyota | tacoma | TACOMA
2026-03-20 23:54  Dodge | durango | DURANGO
2026-03-20 23:54  Dodge | ram | RAM
2026-03-20 23:54  Toyota | tundra | TUNDRA
2026-03-20 23:54  Toyota | tacoma | TACOMA
2026-03-20 23:54  Toyota | tacoma | TACOMA
2026-03-20 23:54  Ford | unknown | UNKNOWN
2026-03-20 23:54  Ford | unknown | UNKNOWN
2026-03-20 23:55  Dodge | ram | RAM
2026-03-20 23:55  Ford | bronco | BRONCO
2026-03-20 23:55  Dodge | ram | RAM
2026-03-20 23:55  Dodge | ram | RAM
2026-03-20 23:55  Dodge | ram | RAM
2026-03-20 23:55  Dodge | ram | RAM
2026-03-20 23:55  Dodge | ram | RAM
2026-03-20 23:55  Toyota | tacoma | TACOMA
2026-03-20 23:55  Toyota | unknown | UNKNOWN
2026-03-20 23:55  Ford | bronco | BRONCO
2026-03-20 23:55  Dodge | ram | RAM
2026-03-20 23:55  Chevrolet | silverado | SILVERADO
2026-03-20 23:55  Toyota | tacoma | TACOMA
2026-03-20 23:55  UNKNOWN_MAKE | Gmc | CANYON
2026-03-20 23:55  UNKNOWN_MAKE | Gmc | SIERRA
2026-03-20 23:55  Dodge | ram | RAM
2026-03-20 23:55  Dodge | ram | RAM
2026-03-20 23:55  Chevrolet | silverado | SILVERADO
2026-03-20 23:55  Chevrolet | silverado | SILVERADO
2026-03-20 23:55  Ford | unknown | UNKNOWN
2026-03-20 23:55  Dodge | ram | RAM
2026-03-20 23:55  Ford | unknown | UNKNOWN
2026-03-20 23:55  Ford | unknown | UNKNOWN
2026-03-20 23:55  Dodge | ram | RAM
2026-03-20 23:55  Ford | bronco | BRONCO
2026-03-20 23:55  Dodge | ram | RAM
2026-03-20 23:55  Toyota | tacoma | TACOMA
2026-03-20 23:55  Chevrolet | silverado | SILVERADO
2026-03-20 23:55  UNKNOWN_MAKE | Gmc | CANYON
2026-03-20 23:55  Toyota | tundra | TUNDRA
2026-03-20 23:55  Ford | bronco | BRONCO
2026-03-20 23:55  Dodge | ram | RAM
2026-03-20 23:55  Dodge | ram | RAM
2026-03-20 23:55  Dodge | ram | RAM
2026-03-20 23:55  Dodge | ram | RAM
2026-03-20 23:55  Dodge | ram | RAM
2026-03-20 23:55  Dodge | ram | RAM
2026-03-20 23:55  Dodge | ram | RAM
2026-03-20 23:55  UNKNOWN_MAKE | Gmc | SIERRA
2026-03-20 23:55  Toyota | tundra | TUNDRA
2026-03-20 23:55  Dodge | ram | RAM
2026-03-20 23:55  Dodge | ram | RAM
2026-03-20 23:55  Mercedes-Benz | unknown | UNKNOWN
2026-03-20 23:55  Alfa Romeo | junior | JUNIOR
2026-03-20 23:55  UNKNOWN_MAKE | Leapmotor | B10
2026-03-20 23:55  UNKNOWN_MAKE | Leapmotor | C10
2026-03-20 23:55  Kia | unknown | UNKNOWN
2026-03-20 23:55  Hyundai | staria | STARIA
2026-03-20 23:55  Hyundai | staria | STARIA
2026-03-20 23:56  UNKNOWN_MAKE | Leapmotor | B10
2026-03-20 23:56  BMW | 118 | 118
2026-03-20 23:56  BMW | 140 | 140
2026-03-20 23:56  Mercedes-Benz | g 63 amg | G 63 AMG
2026-03-20 23:56  Ferrari | purosangue | PUROSANGUE
2026-03-20 23:56  Porsche | 997 | 997
2026-03-20 23:56  Mercedes-Benz | gle 350 | GLE 350
2026-03-21 01:04  Mercedes-Benz | v 220 | V 220
2026-03-21 01:04  Hyundai | nexo | NEXO
2026-03-21 01:05  Renault | symbioz | SYMBIOZ
2026-03-21 01:05  BYD | atto 3 | ATTO-3
